<?xml version="1.0" encoding="UTF-8" ?>
<testsuite tests="4" failures="0" name="test.TestModels" time="10.435" errors="0" skipped="0">
  <properties>
[...]
</properties>
  <testcase classname="test.TestModels" name="test.TestModels.testnewGame" time="5.127"/>
  <testcase classname="test.TestModels" name="test.TestModels.testToString" time="1.771"/>
  <testcase classname="test.TestModels" name="test.TestModels.testGoalieStats" time="1.781"/>
  <testcase classname="test.TestModels" name="test.TestModels.testStrikerStats" time="1.756"/>
</testsuite>